<?xml version="1.0" encoding="UTF-8"?>
<!-- Generated by org.testng.reporters.JUnitReportReporter -->
<testsuite hostname="DESKTOP-LRCQPMQ" failures="0" tests="3" name="rahulshettyacademy.tests.SubmitOrderTest" time="59.332" errors="0" timestamp="31 Oct 2022 10:56:37 GMT" skipped="0">
  <testcase classname="rahulshettyacademy.tests.SubmitOrderTest" name="submitOrder" time="12.204"/>
  <testcase classname="rahulshettyacademy.tests.SubmitOrderTest" name="submitOrder" time="25.719"/>
  <testcase classname="rahulshettyacademy.tests.SubmitOrderTest" name="OrderHistoryTest" time="21.409"/>
</testsuite> <!-- rahulshettyacademy.tests.SubmitOrderTest -->
