<?xml version="1.0" encoding="UTF-8"?>
<!-- Generated by org.testng.reporters.JUnitReportReporter -->
<testsuite hostname="DESKTOP-LRCQPMQ" failures="0" tests="1" name="rahulshettyacademy.tests.ErrorValidations" time="7.125" errors="0" timestamp="20 Oct 2022 11:57:15 GMT" skipped="0">
  <testcase classname="rahulshettyacademy.tests.ErrorValidations" name="submitOrder" time="7.125"/>
</testsuite> <!-- rahulshettyacademy.tests.ErrorValidations -->
