<?xml version="1.0" encoding="UTF-8"?>
<!-- Generated by org.testng.reporters.JUnitReportReporter -->
<testsuite skipped="0" hostname="DESKTOP-LRCQPMQ" name="rahulshettyacademy.tests.SubmitOrderTest" tests="3" failures="0" timestamp="03 Nov 2022 04:12:02 GMT" time="145.011" errors="0">
  <testcase name="submitOrder" time="34.830" classname="rahulshettyacademy.tests.SubmitOrderTest"/>
  <testcase name="OrderHistoryTest" time="74.744" classname="rahulshettyacademy.tests.SubmitOrderTest"/>
  <testcase name="submitOrder" time="35.437" classname="rahulshettyacademy.tests.SubmitOrderTest"/>
</testsuite> <!-- rahulshettyacademy.tests.SubmitOrderTest -->
